{"contracts/NFTMarketplace.sol":{"l":{"48":13,"49":13,"50":1,"52":12,"56":9,"57":9,"58":3,"60":6,"68":17,"69":17,"70":17,"71":3,"73":14,"106":11,"107":0,"109":11,"110":11,"111":1,"113":10,"114":10,"126":1,"127":1,"152":3,"153":3,"154":1,"156":2,"159":2,"160":2,"161":2,"176":1,"177":0,"179":1,"180":1,"187":2,"188":2,"189":1,"191":1,"192":1,"193":1,"204":3,"208":2},"path":"/Users/dengxiaojuan/Desktop/NFT_market/contracts/NFTMarketplace.sol","s":{"1":13,"2":13,"3":9,"4":9,"5":17,"6":17,"7":17,"8":11,"9":11,"10":11,"11":10,"12":1,"13":3,"14":3,"15":2,"16":2,"17":1,"18":1,"19":2,"20":2,"21":1,"22":1,"23":3,"24":2},"b":{"1":[1,12],"2":[3,6],"3":[3,14],"4":[12,1],"5":[11,1],"6":[0,11],"7":[1,10],"8":[2,1],"9":[1,1],"10":[3,1],"11":[3,0],"12":[1,2],"13":[2,1],"14":[2,0],"15":[1,1],"16":[0,1],"17":[1,1],"18":[1,0]},"f":{"1":13,"2":9,"3":17,"4":11,"5":1,"6":3,"7":1,"8":2,"9":3,"10":2},"fnMap":{"1":{"name":"notListed","line":47,"loc":{"start":{"line":47,"column":4},"end":{"line":53,"column":4}}},"2":{"name":"isListed","line":55,"loc":{"start":{"line":55,"column":4},"end":{"line":61,"column":4}}},"3":{"name":"isOwner","line":63,"loc":{"start":{"line":63,"column":4},"end":{"line":74,"column":4}}},"4":{"name":"listItem","line":105,"loc":{"start":{"line":101,"column":4},"end":{"line":115,"column":4}}},"5":{"name":"cancelListing","line":125,"loc":{"start":{"line":122,"column":4},"end":{"line":128,"column":4}}},"6":{"name":"buyItem","line":146,"loc":{"start":{"line":138,"column":4},"end":{"line":162,"column":4}}},"7":{"name":"updateListing","line":174,"loc":{"start":{"line":170,"column":4},"end":{"line":181,"column":4}}},"8":{"name":"withdrawProceeds","line":186,"loc":{"start":{"line":186,"column":4},"end":{"line":194,"column":4}}},"9":{"name":"getListing","line":200,"loc":{"start":{"line":200,"column":4},"end":{"line":205,"column":4}}},"10":{"name":"getProceeds","line":207,"loc":{"start":{"line":207,"column":4},"end":{"line":209,"column":4}}}},"statementMap":{"1":{"start":{"line":48,"column":8},"end":{"line":48,"column":64}},"2":{"start":{"line":49,"column":8},"end":{"line":49,"column":1576}},"3":{"start":{"line":56,"column":8},"end":{"line":56,"column":64}},"4":{"start":{"line":57,"column":8},"end":{"line":57,"column":1819}},"5":{"start":{"line":68,"column":8},"end":{"line":68,"column":41}},"6":{"start":{"line":69,"column":8},"end":{"line":69,"column":44}},"7":{"start":{"line":70,"column":8},"end":{"line":70,"column":2128}},"8":{"start":{"line":106,"column":8},"end":{"line":106,"column":3124}},"9":{"start":{"line":109,"column":8},"end":{"line":109,"column":41}},"10":{"start":{"line":110,"column":8},"end":{"line":110,"column":3246}},"11":{"start":{"line":114,"column":8},"end":{"line":114,"column":63}},"12":{"start":{"line":127,"column":8},"end":{"line":127,"column":58}},"13":{"start":{"line":152,"column":8},"end":{"line":152,"column":67}},"14":{"start":{"line":153,"column":8},"end":{"line":153,"column":4827}},"15":{"start":{"line":160,"column":8},"end":{"line":160,"column":83}},"16":{"start":{"line":161,"column":8},"end":{"line":161,"column":74}},"17":{"start":{"line":176,"column":8},"end":{"line":176,"column":5855}},"18":{"start":{"line":180,"column":8},"end":{"line":180,"column":66}},"19":{"start":{"line":187,"column":8},"end":{"line":187,"column":49}},"20":{"start":{"line":188,"column":8},"end":{"line":188,"column":6237}},"21":{"start":{"line":192,"column":8},"end":{"line":192,"column":72}},"22":{"start":{"line":193,"column":8},"end":{"line":193,"column":42}},"23":{"start":{"line":204,"column":8},"end":{"line":204,"column":46}},"24":{"start":{"line":208,"column":8},"end":{"line":208,"column":33}}},"branchMap":{"1":{"line":49,"type":"if","locations":[{"start":{"line":49,"column":8},"end":{"line":49,"column":8}},{"start":{"line":49,"column":8},"end":{"line":49,"column":8}}]},"2":{"line":57,"type":"if","locations":[{"start":{"line":57,"column":8},"end":{"line":57,"column":8}},{"start":{"line":57,"column":8},"end":{"line":57,"column":8}}]},"3":{"line":70,"type":"if","locations":[{"start":{"line":70,"column":8},"end":{"line":70,"column":8}},{"start":{"line":70,"column":8},"end":{"line":70,"column":8}}]},"4":{"line":105,"type":"if","locations":[{"start":{"line":105,"column":15},"end":{"line":105,"column":15}},{"start":{"line":105,"column":15},"end":{"line":105,"column":15}}]},"5":{"line":105,"type":"if","locations":[{"start":{"line":105,"column":46},"end":{"line":105,"column":46}},{"start":{"line":105,"column":46},"end":{"line":105,"column":46}}]},"6":{"line":106,"type":"if","locations":[{"start":{"line":106,"column":8},"end":{"line":106,"column":8}},{"start":{"line":106,"column":8},"end":{"line":106,"column":8}}]},"7":{"line":110,"type":"if","locations":[{"start":{"line":110,"column":8},"end":{"line":110,"column":8}},{"start":{"line":110,"column":8},"end":{"line":110,"column":8}}]},"8":{"line":125,"type":"if","locations":[{"start":{"line":125,"column":15},"end":{"line":125,"column":15}},{"start":{"line":125,"column":15},"end":{"line":125,"column":15}}]},"9":{"line":125,"type":"if","locations":[{"start":{"line":125,"column":56},"end":{"line":125,"column":56}},{"start":{"line":125,"column":56},"end":{"line":125,"column":56}}]},"10":{"line":144,"type":"if","locations":[{"start":{"line":144,"column":8},"end":{"line":144,"column":8}},{"start":{"line":144,"column":8},"end":{"line":144,"column":8}}]},"11":{"line":146,"type":"if","locations":[{"start":{"line":146,"column":8},"end":{"line":146,"column":8}},{"start":{"line":146,"column":8},"end":{"line":146,"column":8}}]},"12":{"line":153,"type":"if","locations":[{"start":{"line":153,"column":8},"end":{"line":153,"column":8}},{"start":{"line":153,"column":8},"end":{"line":153,"column":8}}]},"13":{"line":174,"type":"if","locations":[{"start":{"line":174,"column":15},"end":{"line":174,"column":15}},{"start":{"line":174,"column":15},"end":{"line":174,"column":15}}]},"14":{"line":174,"type":"if","locations":[{"start":{"line":174,"column":45},"end":{"line":174,"column":45}},{"start":{"line":174,"column":45},"end":{"line":174,"column":45}}]},"15":{"line":174,"type":"if","locations":[{"start":{"line":174,"column":58},"end":{"line":174,"column":58}},{"start":{"line":174,"column":58},"end":{"line":174,"column":58}}]},"16":{"line":176,"type":"if","locations":[{"start":{"line":176,"column":8},"end":{"line":176,"column":8}},{"start":{"line":176,"column":8},"end":{"line":176,"column":8}}]},"17":{"line":188,"type":"if","locations":[{"start":{"line":188,"column":8},"end":{"line":188,"column":8}},{"start":{"line":188,"column":8},"end":{"line":188,"column":8}}]},"18":{"line":193,"type":"if","locations":[{"start":{"line":193,"column":8},"end":{"line":193,"column":8}},{"start":{"line":193,"column":8},"end":{"line":193,"column":8}}]}}},"contracts/test/BasicNft.sol":{"l":{"14":3,"18":15,"19":15,"20":15,"24":0,"25":0,"29":0},"path":"/Users/dengxiaojuan/Desktop/NFT_market/contracts/test/BasicNft.sol","s":{"1":15,"2":15,"3":0,"4":0,"5":0},"b":{"1":[0,0]},"f":{"1":3,"2":15,"3":0,"4":0},"fnMap":{"1":{"name":"constructor","line":13,"loc":{"start":{"line":13,"column":4},"end":{"line":15,"column":4}}},"2":{"name":"mintNft","line":17,"loc":{"start":{"line":17,"column":4},"end":{"line":21,"column":4}}},"3":{"name":"tokenURI","line":23,"loc":{"start":{"line":23,"column":4},"end":{"line":26,"column":4}}},"4":{"name":"getTokenCounter","line":28,"loc":{"start":{"line":28,"column":4},"end":{"line":30,"column":4}}}},"statementMap":{"1":{"start":{"line":18,"column":8},"end":{"line":18,"column":44}},"2":{"start":{"line":19,"column":8},"end":{"line":19,"column":38}},"3":{"start":{"line":24,"column":8},"end":{"line":24,"column":83}},"4":{"start":{"line":25,"column":8},"end":{"line":25,"column":24}},"5":{"start":{"line":29,"column":8},"end":{"line":29,"column":29}}},"branchMap":{"1":{"line":24,"type":"if","locations":[{"start":{"line":24,"column":8},"end":{"line":24,"column":8}},{"start":{"line":24,"column":8},"end":{"line":24,"column":8}}]}}}}