TN:
SF:/Users/dengxiaojuan/Desktop/NFT_market/contracts/NFTMarketplace.sol
FN:47,notListed
FN:55,isListed
FN:63,isOwner
FN:105,listItem
FN:125,cancelListing
FN:146,buyItem
FN:174,updateListing
FN:186,withdrawProceeds
FN:200,getListing
FN:207,getProceeds
FNF:10
FNH:10
FNDA:13,notListed
FNDA:9,isListed
FNDA:17,isOwner
FNDA:11,listItem
FNDA:1,cancelListing
FNDA:3,buyItem
FNDA:1,updateListing
FNDA:2,withdrawProceeds
FNDA:3,getListing
FNDA:2,getProceeds
DA:48,13
DA:49,13
DA:50,1
DA:52,12
DA:56,9
DA:57,9
DA:58,3
DA:60,6
DA:68,17
DA:69,17
DA:70,17
DA:71,3
DA:73,14
DA:106,11
DA:107,0
DA:109,11
DA:110,11
DA:111,1
DA:113,10
DA:114,10
DA:126,1
DA:127,1
DA:152,3
DA:153,3
DA:154,1
DA:156,2
DA:159,2
DA:160,2
DA:161,2
DA:176,1
DA:177,0
DA:179,1
DA:180,1
DA:187,2
DA:188,2
DA:189,1
DA:191,1
DA:192,1
DA:193,1
DA:204,3
DA:208,2
LF:41
LH:39
BRDA:49,1,0,1
BRDA:49,1,1,12
BRDA:57,2,0,3
BRDA:57,2,1,6
BRDA:70,3,0,3
BRDA:70,3,1,14
BRDA:105,4,0,12
BRDA:105,4,1,1
BRDA:105,5,0,11
BRDA:105,5,1,1
BRDA:106,6,0,0
BRDA:106,6,1,11
BRDA:110,7,0,1
BRDA:110,7,1,10
BRDA:125,8,0,2
BRDA:125,8,1,1
BRDA:125,9,0,1
BRDA:125,9,1,1
BRDA:144,10,0,3
BRDA:144,10,1,1
BRDA:146,11,0,3
BRDA:146,11,1,0
BRDA:153,12,0,1
BRDA:153,12,1,2
BRDA:174,13,0,2
BRDA:174,13,1,1
BRDA:174,14,0,2
BRDA:174,14,1,0
BRDA:174,15,0,1
BRDA:174,15,1,1
BRDA:176,16,0,0
BRDA:176,16,1,1
BRDA:188,17,0,1
BRDA:188,17,1,1
BRDA:193,18,0,1
BRDA:193,18,1,0
BRF:36
BRH:31
end_of_record
TN:
SF:/Users/dengxiaojuan/Desktop/NFT_market/contracts/test/BasicNft.sol
FN:13,constructor
FN:17,mintNft
FN:23,tokenURI
FN:28,getTokenCounter
FNF:4
FNH:2
FNDA:3,constructor
FNDA:15,mintNft
FNDA:0,tokenURI
FNDA:0,getTokenCounter
DA:14,3
DA:18,15
DA:19,15
DA:20,15
DA:24,0
DA:25,0
DA:29,0
LF:7
LH:4
BRDA:24,1,0,0
BRDA:24,1,1,0
BRF:2
BRH:0
end_of_record
